#
# There is insufficient memory for the Java Runtime Environment to continue.
# Native memory allocation (malloc) failed to allocate 1022256 bytes for Chunk::new
# Possible reasons:
#   The system is out of physical RAM or swap space
#   The process is running with CompressedOops enabled, and the Java Heap may be blocking the growth of the native heap
# Possible solutions:
#   Reduce memory load on the system
#   Increase physical memory or swap space
#   Check if swap backing store is full
#   Decrease Java heap size (-Xmx/-Xms)
#   Decrease number of Java threads
#   Decrease Java thread stack sizes (-Xss)
#   Set larger code cache with -XX:ReservedCodeCacheSize=
#   JVM is running with Unscaled Compressed Oops mode in which the Java heap is
#     placed in the first 4GB address space. The Java Heap base address is the
#     maximum limit for the native heap growth. Please use -XX:HeapBaseMinAddress
#     to set the Java Heap base and to place the Java Heap above 4GB virtual address.
# This output file may be truncated or incomplete.
#
#  Out of Memory Error (./open/src/hotspot/share/memory/arena.cpp:197), pid=16476, tid=12940
#
# JRE version: Java(TM) SE Runtime Environment 18.9 (11.0.18+9) (build 11.0.18+9-LTS-195)
# Java VM: Java HotSpot(TM) 64-Bit Server VM 18.9 (11.0.18+9-LTS-195, mixed mode, tiered, compressed oops, g1 gc, windows-amd64)
# No core dump will be written. Minidumps are not enabled by default on client versions of Windows
#

---------------  S U M M A R Y ------------

Command Line: -XX:MaxMetaspaceSize=512m --add-opens=java.base/java.util=ALL-UNNAMED --add-opens=java.base/java.lang=ALL-UNNAMED --add-opens=java.base/java.lang.invoke=ALL-UNNAMED --add-opens=java.base/java.util=ALL-UNNAMED --add-opens=java.prefs/java.util.prefs=ALL-UNNAMED --add-opens=java.prefs/java.util.prefs=ALL-UNNAMED --add-opens=java.base/java.nio.charset=ALL-UNNAMED --add-opens=java.base/java.net=ALL-UNNAMED --add-opens=java.base/java.util.concurrent.atomic=ALL-UNNAMED -Xmx2048m -Dfile.encoding=windows-1252 -Duser.country=US -Duser.language=en -Duser.variant org.gradle.launcher.daemon.bootstrap.GradleDaemon 7.5.1

Host: AMD Ryzen 3 3250U with Radeon Graphics         , 4 cores, 3G,  Windows 10 , 64 bit Build 19041 (10.0.19041.2546)
Time: Sun Apr 16 23:20:19 2023 Malay Peninsula Standard Time elapsed time: 118.619553 seconds (0d 0h 1m 58s)

---------------  T H R E A D  ---------------

Current thread (0x000001ebadef0800):  JavaThread "C2 CompilerThread0" daemon [_thread_in_native, id=12940, stack(0x0000006c78c00000,0x0000006c78d00000)]


Current CompileTask:
C2: 118619 12836   !   4       com.google.common.cache.LocalCache$Segment::storeLoadedValue (371 bytes)

Stack: [0x0000006c78c00000,0x0000006c78d00000]
Native frames: (J=compiled Java code, j=interpreted, Vv=VM code, C=native code)
V  [jvm.dll+0x65d8aa]
V  [jvm.dll+0x79fc1f]
V  [jvm.dll+0x7a12e9]
V  [jvm.dll+0x7a1983]
V  [jvm.dll+0x2585b5]
V  [jvm.dll+0xb284c]
V  [jvm.dll+0xb2e0c]
V  [jvm.dll+0x365ddf]
V  [jvm.dll+0x32eb15]
V  [jvm.dll+0x32defa]
V  [jvm.dll+0x2113ad]
V  [jvm.dll+0x210378]
V  [jvm.dll+0x18c641]
V  [jvm.dll+0x220609]
V  [jvm.dll+0x21e92c]
V  [jvm.dll+0x763f61]
V  [jvm.dll+0x75c924]
V  [jvm.dll+0x65c755]
C  [ucrtbase.dll+0x21bb2]
C  [KERNEL32.DLL+0x17614]
C  [ntdll.dll+0x526a1]


---------------  P R O C E S S  ---------------

Threads class SMR info:
_java_thread_list=0x000001ebb4ca4250, length=89, elements={
0x000001eb8dfc2000, 0x000001ebade86000, 0x000001ebade92000, 0x000001ebadea5000,
0x000001ebadeea800, 0x000001ebadeee800, 0x000001ebadef0800, 0x000001ebadef2000,
0x000001ebadef5800, 0x000001ebae15b800, 0x000001ebaf967800, 0x000001ebaee95800,
0x000001ebaf1c2000, 0x000001ebaf1c2800, 0x000001ebaf880000, 0x000001ebaf35d000,
0x000001ebaf0cb000, 0x000001ebaecb8000, 0x000001ebaf012000, 0x000001ebaf4fb800,
0x000001ebaf4fa000, 0x000001ebaf4fc800, 0x000001ebaf4fe000, 0x000001ebaf500800,
0x000001ebaf4fb000, 0x000001ebaf4ff000, 0x000001ebaf4fd800, 0x000001ebaf500000,
0x000001ebaff71800, 0x000001ebaff75800, 0x000001ebaff70000, 0x000001ebaff76800,
0x000001ebaff75000, 0x000001ebaff77000, 0x000001ebaff78000, 0x000001ebaff72800,
0x000001ebaff7e800, 0x000001ebaff7c000, 0x000001ebaff7d000, 0x000001ebaff79800,
0x000001ebaff7b800, 0x000001ebaff7a800, 0x000001ebaff7d800, 0x000001ebaff79000,
0x000001ebaeb39000, 0x000001ebaeb3d000, 0x000001ebaeb39800, 0x000001ebaeb3c000,
0x000001ebaeb38000, 0x000001ebaeb3d800, 0x000001ebaeb3a800, 0x000001ebaeb3e800,
0x000001ebaeb40000, 0x000001ebaeb3f800, 0x000001ebaeb41000, 0x000001ebaeb3b800,
0x000001ebaeb46800, 0x000001ebaeb44800, 0x000001ebaeb42000, 0x000001ebaeb42800,
0x000001ebaeb43800, 0x000001ebaeb45000, 0x000001ebaeb46000, 0x000001ebb00a4000,
0x000001ebb00a1000, 0x000001ebb00a1800, 0x000001ebb00a2800, 0x000001ebb00a5000,
0x000001ebb009f800, 0x000001ebb00a0000, 0x000001ebb00a7800, 0x000001ebb00a3800,
0x000001ebb00aa800, 0x000001ebb00a6800, 0x000001ebb00a6000, 0x000001ebb00ae000,
0x000001ebb00a9000, 0x000001ebb00a8000, 0x000001ebb00ac800, 0x000001ebb00ab800,
0x000001ebb00ad000, 0x000001ebb0591800, 0x000001ebb0592000, 0x000001ebb0593000,
0x000001ebb0590800, 0x000001ebb0594800, 0x000001ebb0598000, 0x000001ebb0598800,
0x000001ebb0596000
}

Java Threads: ( => current thread )
  0x000001eb8dfc2000 JavaThread "main" [_thread_blocked, id=17260, stack(0x0000006c78000000,0x0000006c78100000)]
  0x000001ebade86000 JavaThread "Reference Handler" daemon [_thread_blocked, id=1584, stack(0x0000006c78700000,0x0000006c78800000)]
  0x000001ebade92000 JavaThread "Finalizer" daemon [_thread_blocked, id=13780, stack(0x0000006c78800000,0x0000006c78900000)]
  0x000001ebadea5000 JavaThread "Signal Dispatcher" daemon [_thread_blocked, id=5348, stack(0x0000006c78900000,0x0000006c78a00000)]
  0x000001ebadeea800 JavaThread "Attach Listener" daemon [_thread_blocked, id=8184, stack(0x0000006c78a00000,0x0000006c78b00000)]
  0x000001ebadeee800 JavaThread "Service Thread" daemon [_thread_blocked, id=15076, stack(0x0000006c78b00000,0x0000006c78c00000)]
=>0x000001ebadef0800 JavaThread "C2 CompilerThread0" daemon [_thread_in_native, id=12940, stack(0x0000006c78c00000,0x0000006c78d00000)]
  0x000001ebadef2000 JavaThread "C1 CompilerThread0" daemon [_thread_blocked, id=14196, stack(0x0000006c78d00000,0x0000006c78e00000)]
  0x000001ebadef5800 JavaThread "Sweeper thread" daemon [_thread_blocked, id=11484, stack(0x0000006c78e00000,0x0000006c78f00000)]
  0x000001ebae15b800 JavaThread "Common-Cleaner" daemon [_thread_blocked, id=15556, stack(0x0000006c78f00000,0x0000006c79000000)]
  0x000001ebaf967800 JavaThread "Daemon health stats" [_thread_blocked, id=16640, stack(0x0000006c79200000,0x0000006c79300000)]
  0x000001ebaee95800 JavaThread "Incoming local TCP Connector on port 57422" [_thread_in_native, id=16304, stack(0x0000006c79300000,0x0000006c79400000)]
  0x000001ebaf1c2000 JavaThread "Daemon periodic checks" [_thread_blocked, id=10956, stack(0x0000006c79400000,0x0000006c79500000)]
  0x000001ebaf1c2800 JavaThread "Daemon" [_thread_blocked, id=16872, stack(0x0000006c79500000,0x0000006c79600000)]
  0x000001ebaf880000 JavaThread "Handler for socket connection from /127.0.0.1:57422 to /127.0.0.1:57423" [_thread_in_native, id=16680, stack(0x0000006c79600000,0x0000006c79700000)]
  0x000001ebaf35d000 JavaThread "Cancel handler" [_thread_blocked, id=15304, stack(0x0000006c79700000,0x0000006c79800000)]
  0x000001ebaf0cb000 JavaThread "Daemon worker" [_thread_blocked, id=9872, stack(0x0000006c79800000,0x0000006c79900000)]
  0x000001ebaecb8000 JavaThread "Asynchronous log dispatcher for DefaultDaemonConnection: socket connection from /127.0.0.1:57422 to /127.0.0.1:57423" [_thread_in_vm, id=628, stack(0x0000006c79900000,0x0000006c79a00000)]
  0x000001ebaf012000 JavaThread "Stdin handler" [_thread_blocked, id=12252, stack(0x0000006c79a00000,0x0000006c79b00000)]
  0x000001ebaf4fb800 JavaThread "Daemon client event forwarder" [_thread_blocked, id=11936, stack(0x0000006c79b00000,0x0000006c79c00000)]
  0x000001ebaf4fa000 JavaThread "Cache worker for journal cache (C:\Users\User\.gradle\caches\journal-1)" [_thread_in_vm, id=15316, stack(0x0000006c79e00000,0x0000006c79f00000)]
  0x000001ebaf4fc800 JavaThread "File lock request listener" [_thread_in_native, id=14692, stack(0x0000006c79f00000,0x0000006c7a000000)]
  0x000001ebaf4fe000 JavaThread "Cache worker for file hash cache (C:\Users\User\.gradle\caches\7.5.1\fileHashes)" [_thread_in_Java, id=17584, stack(0x0000006c7a000000,0x0000006c7a100000)]
  0x000001ebaf500800 JavaThread "File watcher server" daemon [_thread_in_native, id=6148, stack(0x0000006c7a100000,0x0000006c7a200000)]
  0x000001ebaf4fb000 JavaThread "File watcher consumer" daemon [_thread_blocked, id=16020, stack(0x0000006c7a200000,0x0000006c7a300000)]
  0x000001ebaf4ff000 JavaThread "Cache worker for checksums cache (C:\Users\User\ProjectMobileDevelopment\android\.gradle\7.5.1\checksums)" [_thread_blocked, id=3768, stack(0x0000006c7a300000,0x0000006c7a400000)]
  0x000001ebaf4fd800 JavaThread "Cache worker for cache directory md-rule (C:\Users\User\.gradle\caches\7.5.1\md-rule)" [_thread_blocked, id=11328, stack(0x0000006c7a400000,0x0000006c7a500000)]
  0x000001ebaf500000 JavaThread "Cache worker for file content cache (C:\Users\User\.gradle\caches\7.5.1\fileContent)" [_thread_blocked, id=8104, stack(0x0000006c7a500000,0x0000006c7a600000)]
  0x000001ebaff71800 JavaThread "Cache worker for file hash cache (C:\Users\User\ProjectMobileDevelopment\android\.gradle\7.5.1\fileHashes)" [_thread_blocked, id=17924, stack(0x0000006c7a600000,0x0000006c7a700000)]
  0x000001ebaff75800 JavaThread "Cache worker for cache directory md-supplier (C:\Users\User\.gradle\caches\7.5.1\md-supplier)" [_thread_blocked, id=15916, stack(0x0000006c7a700000,0x0000006c7a800000)]
  0x000001ebaff70000 JavaThread "Cache worker for execution history cache (C:\Users\User\.gradle\caches\7.5.1\executionHistory)" [_thread_blocked, id=876, stack(0x0000006c7a800000,0x0000006c7a900000)]
  0x000001ebaff76800 JavaThread "jar transforms" [_thread_blocked, id=6708, stack(0x0000006c7aa00000,0x0000006c7ab00000)]
  0x000001ebaff75000 JavaThread "jar transforms Thread 2" [_thread_blocked, id=10520, stack(0x0000006c7ab00000,0x0000006c7ac00000)]
  0x000001ebaff77000 JavaThread "jar transforms Thread 3" [_thread_blocked, id=17988, stack(0x0000006c7ac00000,0x0000006c7ad00000)]
  0x000001ebaff78000 JavaThread "jar transforms Thread 4" [_thread_blocked, id=2472, stack(0x0000006c7ad00000,0x0000006c7ae00000)]
  0x000001ebaff72800 JavaThread "Cache worker for kotlin-dsl (C:\Users\User\.gradle\caches\7.5.1\kotlin-dsl)" [_thread_blocked, id=15780, stack(0x0000006c7b000000,0x0000006c7b100000)]
  0x000001ebaff7e800 JavaThread "Cache worker for dependencies-accessors (C:\Users\User\ProjectMobileDevelopment\android\.gradle\7.5.1\dependencies-accessors)" [_thread_blocked, id=1332, stack(0x0000006c7b100000,0x0000006c7b200000)]
  0x000001ebaff7c000 JavaThread "Cache worker for Build Output Cleanup Cache (C:\Users\User\ProjectMobileDevelopment\node_modules\react-native-gradle-plugin\.gradle\buildOutputCleanup)" [_thread_blocked, id=12240, stack(0x0000006c7b200000,0x0000006c7b300000)]
  0x000001ebaff7d000 JavaThread "Unconstrained build operations" [_thread_blocked, id=8992, stack(0x0000006c7b300000,0x0000006c7b400000)]
  0x000001ebaff79800 JavaThread "Unconstrained build operations Thread 2" [_thread_in_Java, id=8256, stack(0x0000006c7b400000,0x0000006c7b500000)]
  0x000001ebaff7b800 JavaThread "Unconstrained build operations Thread 3" [_thread_blocked, id=8520, stack(0x0000006c7b500000,0x0000006c7b600000)]
  0x000001ebaff7a800 JavaThread "Unconstrained build operations Thread 4" [_thread_blocked, id=6156, stack(0x0000006c7b600000,0x0000006c7b700000)]
  0x000001ebaff7d800 JavaThread "Unconstrained build operations Thread 5" [_thread_blocked, id=6396, stack(0x0000006c7b700000,0x0000006c7b800000)]
  0x000001ebaff79000 JavaThread "Unconstrained build operations Thread 6" [_thread_blocked, id=1720, stack(0x0000006c7b800000,0x0000006c7b900000)]
  0x000001ebaeb39000 JavaThread "Unconstrained build operations Thread 7" [_thread_blocked, id=16088, stack(0x0000006c7b900000,0x0000006c7ba00000)]
  0x000001ebaeb3d000 JavaThread "Unconstrained build operations Thread 8" [_thread_blocked, id=11992, stack(0x0000006c7ba00000,0x0000006c7bb00000)]
  0x000001ebaeb39800 JavaThread "Unconstrained build operations Thread 9" [_thread_blocked, id=11928, stack(0x0000006c7bb00000,0x0000006c7bc00000)]
  0x000001ebaeb3c000 JavaThread "Unconstrained build operations Thread 10" [_thread_blocked, id=5304, stack(0x0000006c7bc00000,0x0000006c7bd00000)]
  0x000001ebaeb38000 JavaThread "Unconstrained build operations Thread 11" [_thread_blocked, id=2096, stack(0x0000006c7bd00000,0x0000006c7be00000)]
  0x000001ebaeb3d800 JavaThread "Unconstrained build operations Thread 12" [_thread_blocked, id=6024, stack(0x0000006c7be00000,0x0000006c7bf00000)]
  0x000001ebaeb3a800 JavaThread "Unconstrained build operations Thread 13" [_thread_blocked, id=2244, stack(0x0000006c7bf00000,0x0000006c7c000000)]
  0x000001ebaeb3e800 JavaThread "Unconstrained build operations Thread 14" [_thread_blocked, id=10980, stack(0x0000006c7c000000,0x0000006c7c100000)]
  0x000001ebaeb40000 JavaThread "Unconstrained build operations Thread 15" [_thread_blocked, id=12892, stack(0x0000006c7c100000,0x0000006c7c200000)]
  0x000001ebaeb3f800 JavaThread "Unconstrained build operations Thread 16" [_thread_blocked, id=8888, stack(0x0000006c7c200000,0x0000006c7c300000)]
  0x000001ebaeb41000 JavaThread "Unconstrained build operations Thread 17" [_thread_blocked, id=4804, stack(0x0000006c7c300000,0x0000006c7c400000)]
  0x000001ebaeb3b800 JavaThread "Unconstrained build operations Thread 18" [_thread_blocked, id=8188, stack(0x0000006c7c400000,0x0000006c7c500000)]
  0x000001ebaeb46800 JavaThread "Unconstrained build operations Thread 19" [_thread_blocked, id=5732, stack(0x0000006c7c500000,0x0000006c7c600000)]
  0x000001ebaeb44800 JavaThread "Unconstrained build operations Thread 20" [_thread_blocked, id=6944, stack(0x0000006c7c600000,0x0000006c7c700000)]
  0x000001ebaeb42000 JavaThread "Unconstrained build operations Thread 21" [_thread_blocked, id=6536, stack(0x0000006c7c700000,0x0000006c7c800000)]
  0x000001ebaeb42800 JavaThread "Unconstrained build operations Thread 22" [_thread_blocked, id=15824, stack(0x0000006c7c800000,0x0000006c7c900000)]
  0x000001ebaeb43800 JavaThread "Unconstrained build operations Thread 23" [_thread_blocked, id=12048, stack(0x0000006c7c900000,0x0000006c7ca00000)]
  0x000001ebaeb45000 JavaThread "Unconstrained build operations Thread 24" [_thread_blocked, id=16576, stack(0x0000006c7ca00000,0x0000006c7cb00000)]
  0x000001ebaeb46000 JavaThread "Unconstrained build operations Thread 25" [_thread_blocked, id=13712, stack(0x0000006c7cb00000,0x0000006c7cc00000)]
  0x000001ebb00a4000 JavaThread "Unconstrained build operations Thread 26" [_thread_blocked, id=13008, stack(0x0000006c7cc00000,0x0000006c7cd00000)]
  0x000001ebb00a1000 JavaThread "Unconstrained build operations Thread 27" [_thread_blocked, id=17872, stack(0x0000006c7cd00000,0x0000006c7ce00000)]
  0x000001ebb00a1800 JavaThread "Unconstrained build operations Thread 28" [_thread_blocked, id=11312, stack(0x0000006c7ce00000,0x0000006c7cf00000)]
  0x000001ebb00a2800 JavaThread "Unconstrained build operations Thread 29" [_thread_blocked, id=11140, stack(0x0000006c7cf00000,0x0000006c7d000000)]
  0x000001ebb00a5000 JavaThread "Unconstrained build operations Thread 30" [_thread_blocked, id=17668, stack(0x0000006c7d000000,0x0000006c7d100000)]
  0x000001ebb009f800 JavaThread "Unconstrained build operations Thread 31" [_thread_blocked, id=3132, stack(0x0000006c7d100000,0x0000006c7d200000)]
  0x000001ebb00a0000 JavaThread "Unconstrained build operations Thread 32" [_thread_blocked, id=11036, stack(0x0000006c7d200000,0x0000006c7d300000)]
  0x000001ebb00a7800 JavaThread "Unconstrained build operations Thread 33" [_thread_blocked, id=12064, stack(0x0000006c7d300000,0x0000006c7d400000)]
  0x000001ebb00a3800 JavaThread "build event listener" [_thread_blocked, id=15276, stack(0x0000006c7d400000,0x0000006c7d500000)]
  0x000001ebb00aa800 JavaThread "Memory manager" [_thread_blocked, id=304, stack(0x0000006c7d500000,0x0000006c7d600000)]
  0x000001ebb00a6800 JavaThread "Cache worker for Build Output Cleanup Cache (C:\Users\User\ProjectMobileDevelopment\android\.gradle\buildOutputCleanup)" [_thread_blocked, id=9648, stack(0x0000006c77d00000,0x0000006c77e00000)]
  0x000001ebb00a6000 JavaThread "included builds" [_thread_blocked, id=2600, stack(0x0000006c77e00000,0x0000006c77f00000)]
  0x000001ebb00ae000 JavaThread "Execution worker" [_thread_blocked, id=2084, stack(0x0000006c77f00000,0x0000006c78000000)]
  0x000001ebb00a9000 JavaThread "Execution worker Thread 2" [_thread_blocked, id=17832, stack(0x0000006c7d600000,0x0000006c7d700000)]
  0x000001ebb00a8000 JavaThread "Execution worker Thread 3" [_thread_blocked, id=14020, stack(0x0000006c7d700000,0x0000006c7d800000)]
  0x000001ebb00ac800 JavaThread "Cache worker for execution history cache (C:\Users\User\ProjectMobileDevelopment\node_modules\react-native-gradle-plugin\.gradle\7.5.1\executionHistory)" [_thread_blocked, id=12304, stack(0x0000006c7d800000,0x0000006c7d900000)]
  0x000001ebb00ab800 JavaThread "Unconstrained build operations Thread 34" [_thread_blocked, id=12448, stack(0x0000006c7d900000,0x0000006c7da00000)]
  0x000001ebb00ad000 JavaThread "Unconstrained build operations Thread 35" [_thread_blocked, id=5800, stack(0x0000006c7da00000,0x0000006c7db00000)]
  0x000001ebb0591800 JavaThread "Unconstrained build operations Thread 36" [_thread_blocked, id=13300, stack(0x0000006c7db00000,0x0000006c7dc00000)]
  0x000001ebb0592000 JavaThread "Unconstrained build operations Thread 37" [_thread_blocked, id=17952, stack(0x0000006c7dc00000,0x0000006c7dd00000)]
  0x000001ebb0593000 JavaThread "Unconstrained build operations Thread 38" [_thread_blocked, id=18288, stack(0x0000006c7dd00000,0x0000006c7de00000)]
  0x000001ebb0590800 JavaThread "Unconstrained build operations Thread 39" [_thread_blocked, id=7056, stack(0x0000006c7de00000,0x0000006c7df00000)]
  0x000001ebb0594800 JavaThread "Unconstrained build operations Thread 40" [_thread_in_Java, id=804, stack(0x0000006c7df00000,0x0000006c7e000000)]
  0x000001ebb0598000 JavaThread "pool-3-thread-1" [_thread_blocked, id=6668, stack(0x0000006c7a900000,0x0000006c7aa00000)]
  0x000001ebb0598800 JavaThread "build event listener" [_thread_blocked, id=15772, stack(0x0000006c7e000000,0x0000006c7e100000)]
  0x000001ebb0596000 JavaThread "Cache worker for execution history cache (C:\Users\User\ProjectMobileDevelopment\android\.gradle\7.5.1\executionHistory)" [_thread_blocked, id=11988, stack(0x0000006c7e100000,0x0000006c7e200000)]

Other Threads:
  0x000001ebade80800 VMThread "VM Thread" [stack: 0x0000006c78600000,0x0000006c78700000] [id=8692]
  0x000001ebae1a9000 WatcherThread [stack: 0x0000006c79000000,0x0000006c79100000] [id=16624]
  0x000001eb8dfd7000 GCTaskThread "GC Thread#0" [stack: 0x0000006c78100000,0x0000006c78200000] [id=11708]
  0x000001ebae4eb000 GCTaskThread "GC Thread#1" [stack: 0x0000006c79100000,0x0000006c79200000] [id=6712]
  0x000001ebaf502000 GCTaskThread "GC Thread#2" [stack: 0x0000006c79c00000,0x0000006c79d00000] [id=11760]
  0x000001ebaf3a7000 GCTaskThread "GC Thread#3" [stack: 0x0000006c79d00000,0x0000006c79e00000] [id=6824]
  0x000001eb8e009800 ConcurrentGCThread "G1 Main Marker" [stack: 0x0000006c78200000,0x0000006c78300000] [id=12112]
  0x000001eb8e00a800 ConcurrentGCThread "G1 Conc#0" [stack: 0x0000006c78300000,0x0000006c78400000] [id=5780]
  0x000001eb8e050000 ConcurrentGCThread "G1 Refine#0" [stack: 0x0000006c78400000,0x0000006c78500000] [id=5692]
  0x000001eb8e051000 ConcurrentGCThread "G1 Young RemSet Sampling" [stack: 0x0000006c78500000,0x0000006c78600000] [id=1144]

Threads with active compile tasks:
C2 CompilerThread0   118712 12836   !   4       com.google.common.cache.LocalCache$Segment::storeLoadedValue (371 bytes)

VM state:not at safepoint (normal execution)

VM Mutex/Monitor currently owned by a thread: None

OutOfMemory and StackOverflow Exception counts:
OutOfMemoryError java_heap_errors=1
LinkageErrors=111

Heap address: 0x0000000080000000, size: 2048 MB, Compressed Oops mode: 32-bit
Narrow klass base: 0x0000000000000000, Narrow klass shift: 3
Compressed class space size: 528482304 Address: 0x0000000100000000

Heap:
 garbage-first heap   total 176128K, used 109511K [0x0000000080000000, 0x0000000100000000)
  region size 1024K, 6 young (6144K), 1 survivors (1024K)
 Metaspace       used 102241K, capacity 104924K, committed 105216K, reserved 608256K
  class space    used 13442K, capacity 14526K, committed 14592K, reserved 516096K
Heap Regions: E=young(eden), S=young(survivor), O=old, HS=humongous(starts), HC=humongous(continues), CS=collection set, F=free, A=archive, TAMS=top-at-mark-start (previous, next)
|   0|0x0000000080000000, 0x0000000080100000, 0x0000000080100000|100%|HS|  |TAMS 0x0000000080100000, 0x0000000080000000| Complete 
|   1|0x0000000080100000, 0x0000000080200000, 0x0000000080200000|100%|HC|  |TAMS 0x0000000080200000, 0x0000000080100000| Complete 
|   2|0x0000000080200000, 0x0000000080300000, 0x0000000080300000|100%|HC|  |TAMS 0x0000000080300000, 0x0000000080200000| Complete 
|   3|0x0000000080300000, 0x0000000080400000, 0x0000000080400000|100%| O|  |TAMS 0x0000000080400000, 0x0000000080300000| Updating 
|   4|0x0000000080400000, 0x0000000080500000, 0x0000000080500000|100%| O|  |TAMS 0x0000000080500000, 0x0000000080400000| Updating 
|   5|0x0000000080500000, 0x0000000080600000, 0x0000000080600000|100%| O|  |TAMS 0x0000000080600000, 0x0000000080500000| Updating 
|   6|0x0000000080600000, 0x0000000080700000, 0x0000000080700000|100%| O|  |TAMS 0x0000000080700000, 0x0000000080600000| Updating 
|   7|0x0000000080700000, 0x0000000080800000, 0x0000000080800000|100%| O|  |TAMS 0x0000000080800000, 0x0000000080700000| Updating 
|   8|0x0000000080800000, 0x0000000080900000, 0x0000000080900000|100%| O|  |TAMS 0x0000000080900000, 0x0000000080800000| Updating 
|   9|0x0000000080900000, 0x0000000080a00000, 0x0000000080a00000|100%| O|  |TAMS 0x0000000080a00000, 0x0000000080900000| Updating 
|  10|0x0000000080a00000, 0x0000000080b00000, 0x0000000080b00000|100%| O|  |TAMS 0x0000000080b00000, 0x0000000080a00000| Updating 
|  11|0x0000000080b00000, 0x0000000080c00000, 0x0000000080c00000|100%| O|  |TAMS 0x0000000080c00000, 0x0000000080b00000| Updating 
|  12|0x0000000080c00000, 0x0000000080d00000, 0x0000000080d00000|100%| O|  |TAMS 0x0000000080d00000, 0x0000000080c00000| Updating 
|  13|0x0000000080d00000, 0x0000000080e00000, 0x0000000080e00000|100%| O|  |TAMS 0x0000000080e00000, 0x0000000080d00000| Updating 
|  14|0x0000000080e00000, 0x0000000080f00000, 0x0000000080f00000|100%| O|  |TAMS 0x0000000080f00000, 0x0000000080e00000| Updating 
|  15|0x0000000080f00000, 0x0000000081000000, 0x0000000081000000|100%| O|  |TAMS 0x0000000081000000, 0x0000000080f00000| Updating 
|  16|0x0000000081000000, 0x0000000081100000, 0x0000000081100000|100%| O|  |TAMS 0x0000000081100000, 0x0000000081000000| Updating 
|  17|0x0000000081100000, 0x0000000081200000, 0x0000000081200000|100%| O|  |TAMS 0x0000000081200000, 0x0000000081100000| Updating 
|  18|0x0000000081200000, 0x0000000081300000, 0x0000000081300000|100%| O|  |TAMS 0x0000000081300000, 0x0000000081200000| Updating 
|  19|0x0000000081300000, 0x0000000081400000, 0x0000000081400000|100%| O|  |TAMS 0x0000000081400000, 0x0000000081300000| Updating 
|  20|0x0000000081400000, 0x0000000081500000, 0x0000000081500000|100%| O|  |TAMS 0x0000000081500000, 0x0000000081400000| Updating 
|  21|0x0000000081500000, 0x0000000081600000, 0x0000000081600000|100%| O|  |TAMS 0x0000000081600000, 0x0000000081500000| Updating 
|  22|0x0000000081600000, 0x0000000081700000, 0x0000000081700000|100%| O|  |TAMS 0x0000000081700000, 0x0000000081600000| Updating 
|  23|0x0000000081700000, 0x0000000081800000, 0x0000000081800000|100%| O|  |TAMS 0x0000000081800000, 0x0000000081700000| Updating 
|  24|0x0000000081800000, 0x0000000081900000, 0x0000000081900000|100%| O|  |TAMS 0x0000000081900000, 0x0000000081800000| Updating 
|  25|0x0000000081900000, 0x0000000081a00000, 0x0000000081a00000|100%| O|  |TAMS 0x0000000081a00000, 0x0000000081900000| Updating 
|  26|0x0000000081a00000, 0x0000000081b00000, 0x0000000081b00000|100%| O|  |TAMS 0x0000000081b00000, 0x0000000081a00000| Updating 
|  27|0x0000000081b00000, 0x0000000081c00000, 0x0000000081c00000|100%| O|  |TAMS 0x0000000081c00000, 0x0000000081b00000| Updating 
|  28|0x0000000081c00000, 0x0000000081d00000, 0x0000000081d00000|100%| O|  |TAMS 0x0000000081d00000, 0x0000000081c00000| Updating 
|  29|0x0000000081d00000, 0x0000000081e00000, 0x0000000081e00000|100%| O|  |TAMS 0x0000000081e00000, 0x0000000081d00000| Updating 
|  30|0x0000000081e00000, 0x0000000081f00000, 0x0000000081f00000|100%| O|  |TAMS 0x0000000081f00000, 0x0000000081e00000| Updating 
|  31|0x0000000081f00000, 0x0000000082000000, 0x0000000082000000|100%| O|  |TAMS 0x0000000082000000, 0x0000000081f00000| Updating 
|  32|0x0000000082000000, 0x0000000082100000, 0x0000000082100000|100%|HS|  |TAMS 0x0000000082100000, 0x0000000082000000| Complete 
|  33|0x0000000082100000, 0x0000000082200000, 0x0000000082200000|100%|HS|  |TAMS 0x0000000082200000, 0x0000000082100000| Complete 
|  34|0x0000000082200000, 0x0000000082300000, 0x0000000082300000|100%|HC|  |TAMS 0x0000000082300000, 0x0000000082200000| Complete 
|  35|0x0000000082300000, 0x0000000082400000, 0x0000000082400000|100%|HC|  |TAMS 0x0000000082400000, 0x0000000082300000| Complete 
|  36|0x0000000082400000, 0x0000000082500000, 0x0000000082500000|100%| O|  |TAMS 0x0000000082500000, 0x0000000082400000| Updating 
|  37|0x0000000082500000, 0x0000000082600000, 0x0000000082600000|100%| O|  |TAMS 0x0000000082600000, 0x0000000082500000| Updating 
|  38|0x0000000082600000, 0x0000000082700000, 0x0000000082700000|100%| O|  |TAMS 0x0000000082700000, 0x0000000082600000| Updating 
|  39|0x0000000082700000, 0x0000000082800000, 0x0000000082800000|100%| O|  |TAMS 0x0000000082800000, 0x0000000082700000| Updating 
|  40|0x0000000082800000, 0x0000000082900000, 0x0000000082900000|100%| O|  |TAMS 0x0000000082900000, 0x0000000082800000| Updating 
|  41|0x0000000082900000, 0x0000000082a00000, 0x0000000082a00000|100%| O|  |TAMS 0x0000000082a00000, 0x0000000082900000| Updating 
|  42|0x0000000082a00000, 0x0000000082b00000, 0x0000000082b00000|100%| O|  |TAMS 0x0000000082b00000, 0x0000000082a00000| Updating 
|  43|0x0000000082b00000, 0x0000000082c00000, 0x0000000082c00000|100%| O|  |TAMS 0x0000000082c00000, 0x0000000082b00000| Updating 
|  44|0x0000000082c00000, 0x0000000082d00000, 0x0000000082d00000|100%| O|  |TAMS 0x0000000082d00000, 0x0000000082c00000| Updating 
|  45|0x0000000082d00000, 0x0000000082e00000, 0x0000000082e00000|100%| O|  |TAMS 0x0000000082e00000, 0x0000000082d00000| Updating 
|  46|0x0000000082e00000, 0x0000000082f00000, 0x0000000082f00000|100%| O|  |TAMS 0x0000000082f00000, 0x0000000082e00000| Updating 
|  47|0x0000000082f00000, 0x0000000083000000, 0x0000000083000000|100%| O|  |TAMS 0x0000000083000000, 0x0000000082f00000| Updating 
|  48|0x0000000083000000, 0x0000000083100000, 0x0000000083100000|100%|HS|  |TAMS 0x0000000083100000, 0x0000000083000000| Complete 
|  49|0x0000000083100000, 0x0000000083200000, 0x0000000083200000|100%|HS|  |TAMS 0x0000000083200000, 0x0000000083100000| Complete 
|  50|0x0000000083200000, 0x0000000083300000, 0x0000000083300000|100%| O|  |TAMS 0x0000000083300000, 0x0000000083200000| Updating 
|  51|0x0000000083300000, 0x0000000083400000, 0x0000000083400000|100%| O|  |TAMS 0x0000000083400000, 0x0000000083300000| Updating 
|  52|0x0000000083400000, 0x0000000083500000, 0x0000000083500000|100%| O|  |TAMS 0x0000000083500000, 0x0000000083400000| Updating 
|  53|0x0000000083500000, 0x0000000083600000, 0x0000000083600000|100%| O|  |TAMS 0x0000000083600000, 0x0000000083500000| Updating 
|  54|0x0000000083600000, 0x0000000083700000, 0x0000000083700000|100%| O|  |TAMS 0x0000000083700000, 0x0000000083600000| Updating 
|  55|0x0000000083700000, 0x0000000083800000, 0x0000000083800000|100%| O|  |TAMS 0x0000000083800000, 0x0000000083700000| Updating 
|  56|0x0000000083800000, 0x0000000083900000, 0x0000000083900000|100%| O|  |TAMS 0x0000000083900000, 0x0000000083800000| Updating 
|  57|0x0000000083900000, 0x0000000083a00000, 0x0000000083a00000|100%| O|  |TAMS 0x0000000083a00000, 0x0000000083900000| Updating 
|  58|0x0000000083a00000, 0x0000000083b00000, 0x0000000083b00000|100%| O|  |TAMS 0x0000000083b00000, 0x0000000083a00000| Updating 
|  59|0x0000000083b00000, 0x0000000083c00000, 0x0000000083c00000|100%|HS|  |TAMS 0x0000000083c00000, 0x0000000083b00000| Complete 
|  60|0x0000000083c00000, 0x0000000083d00000, 0x0000000083d00000|100%|HC|  |TAMS 0x0000000083d00000, 0x0000000083c00000| Complete 
|  61|0x0000000083d00000, 0x0000000083e00000, 0x0000000083e00000|100%| O|  |TAMS 0x0000000083e00000, 0x0000000083d00000| Updating 
|  62|0x0000000083e00000, 0x0000000083f00000, 0x0000000083f00000|100%| O|  |TAMS 0x0000000083f00000, 0x0000000083e00000| Updating 
|  63|0x0000000083f00000, 0x0000000084000000, 0x0000000084000000|100%| O|  |TAMS 0x0000000084000000, 0x0000000083f00000| Updating 
|  64|0x0000000084000000, 0x0000000084100000, 0x0000000084100000|100%| O|  |TAMS 0x0000000084100000, 0x0000000084000000| Updating 
|  65|0x0000000084100000, 0x0000000084200000, 0x0000000084200000|100%| O|  |TAMS 0x0000000084200000, 0x0000000084100000| Updating 
|  66|0x0000000084200000, 0x0000000084300000, 0x0000000084300000|100%| O|  |TAMS 0x0000000084300000, 0x0000000084200000| Updating 
|  67|0x0000000084300000, 0x0000000084400000, 0x0000000084400000|100%| O|  |TAMS 0x0000000084400000, 0x0000000084300000| Updating 
|  68|0x0000000084400000, 0x0000000084500000, 0x0000000084500000|100%| O|  |TAMS 0x0000000084500000, 0x0000000084400000| Updating 
|  69|0x0000000084500000, 0x0000000084600000, 0x0000000084600000|100%| O|  |TAMS 0x0000000084600000, 0x0000000084500000| Updating 
|  70|0x0000000084600000, 0x0000000084700000, 0x0000000084700000|100%| O|  |TAMS 0x0000000084700000, 0x0000000084600000| Updating 
|  71|0x0000000084700000, 0x0000000084800000, 0x0000000084800000|100%| O|  |TAMS 0x0000000084800000, 0x0000000084700000| Updating 
|  72|0x0000000084800000, 0x0000000084900000, 0x0000000084900000|100%| O|  |TAMS 0x0000000084900000, 0x0000000084800000| Updating 
|  73|0x0000000084900000, 0x0000000084a00000, 0x0000000084a00000|100%| O|  |TAMS 0x0000000084a00000, 0x0000000084900000| Updating 
|  74|0x0000000084a00000, 0x0000000084b00000, 0x0000000084b00000|100%| O|  |TAMS 0x0000000084b00000, 0x0000000084a00000| Updating 
|  75|0x0000000084b00000, 0x0000000084c00000, 0x0000000084c00000|100%| O|  |TAMS 0x0000000084c00000, 0x0000000084b00000| Updating 
|  76|0x0000000084c00000, 0x0000000084d00000, 0x0000000084d00000|100%| O|  |TAMS 0x0000000084d00000, 0x0000000084c00000| Updating 
|  77|0x0000000084d00000, 0x0000000084e00000, 0x0000000084e00000|100%| O|  |TAMS 0x0000000084e00000, 0x0000000084d00000| Updating 
|  78|0x0000000084e00000, 0x0000000084f00000, 0x0000000084f00000|100%| O|  |TAMS 0x0000000084f00000, 0x0000000084e00000| Updating 
|  79|0x0000000084f00000, 0x0000000085000000, 0x0000000085000000|100%| O|  |TAMS 0x0000000085000000, 0x0000000084f00000| Updating 
|  80|0x0000000085000000, 0x0000000085100000, 0x0000000085100000|100%| O|  |TAMS 0x0000000085100000, 0x0000000085000000| Updating 
|  81|0x0000000085100000, 0x0000000085200000, 0x0000000085200000|100%| O|  |TAMS 0x0000000085200000, 0x0000000085100000| Updating 
|  82|0x0000000085200000, 0x0000000085300000, 0x0000000085300000|100%| O|  |TAMS 0x0000000085300000, 0x0000000085200000| Updating 
|  83|0x0000000085300000, 0x0000000085400000, 0x0000000085400000|100%| O|  |TAMS 0x0000000085400000, 0x0000000085300000| Updating 
|  84|0x0000000085400000, 0x0000000085500000, 0x0000000085500000|100%| O|  |TAMS 0x0000000085500000, 0x0000000085400000| Updating 
|  85|0x0000000085500000, 0x0000000085600000, 0x0000000085600000|100%| O|  |TAMS 0x0000000085600000, 0x0000000085500000| Updating 
|  86|0x0000000085600000, 0x0000000085700000, 0x0000000085700000|100%| O|  |TAMS 0x0000000085700000, 0x0000000085600000| Updating 
|  87|0x0000000085700000, 0x0000000085800000, 0x0000000085800000|100%| O|  |TAMS 0x0000000085800000, 0x0000000085700000| Updating 
|  88|0x0000000085800000, 0x0000000085900000, 0x0000000085900000|100%| O|  |TAMS 0x0000000085900000, 0x0000000085800000| Updating 
|  89|0x0000000085900000, 0x0000000085a00000, 0x0000000085a00000|100%| O|  |TAMS 0x0000000085a00000, 0x0000000085900000| Updating 
|  90|0x0000000085a00000, 0x0000000085b00000, 0x0000000085b00000|100%| O|  |TAMS 0x0000000085b00000, 0x0000000085a00000| Updating 
|  91|0x0000000085b00000, 0x0000000085c00000, 0x0000000085c00000|100%| O|  |TAMS 0x0000000085c00000, 0x0000000085b00000| Updating 
|  92|0x0000000085c00000, 0x0000000085d00000, 0x0000000085d00000|100%| O|  |TAMS 0x0000000085d00000, 0x0000000085c00000| Updating 
|  93|0x0000000085d00000, 0x0000000085e00000, 0x0000000085e00000|100%| O|  |TAMS 0x0000000085e00000, 0x0000000085d00000| Updating 
|  94|0x0000000085e00000, 0x0000000085f00000, 0x0000000085f00000|100%| O|  |TAMS 0x0000000085f00000, 0x0000000085e00000| Updating 
|  95|0x0000000085f00000, 0x0000000086000000, 0x0000000086000000|100%| O|  |TAMS 0x0000000086000000, 0x0000000085f00000| Updating 
|  96|0x0000000086000000, 0x0000000086100000, 0x0000000086100000|100%| O|  |TAMS 0x0000000086100000, 0x0000000086000000| Updating 
|  97|0x0000000086100000, 0x0000000086200000, 0x0000000086200000|100%| O|  |TAMS 0x0000000086200000, 0x0000000086100000| Updating 
|  98|0x0000000086200000, 0x0000000086300000, 0x0000000086300000|100%| O|  |TAMS 0x0000000086300000, 0x0000000086200000| Updating 
|  99|0x0000000086300000, 0x00000000863f5000, 0x0000000086400000| 95%| O|  |TAMS 0x00000000863f5000, 0x0000000086300000| Updating 
| 100|0x0000000086400000, 0x0000000086500000, 0x0000000086500000|100%|HS|  |TAMS 0x0000000086400000, 0x0000000086400000| Complete 
| 101|0x0000000086500000, 0x0000000086600000, 0x0000000086600000|100%|HC|  |TAMS 0x0000000086500000, 0x0000000086500000| Complete 
| 102|0x0000000086600000, 0x0000000086600000, 0x0000000086700000|  0%| F|  |TAMS 0x0000000086600000, 0x0000000086600000| Untracked 
| 103|0x0000000086700000, 0x0000000086700000, 0x0000000086800000|  0%| F|  |TAMS 0x0000000086700000, 0x0000000086700000| Untracked 
| 104|0x0000000086800000, 0x0000000086800000, 0x0000000086900000|  0%| F|  |TAMS 0x0000000086800000, 0x0000000086800000| Untracked 
| 105|0x0000000086900000, 0x0000000086900000, 0x0000000086a00000|  0%| F|  |TAMS 0x0000000086900000, 0x0000000086900000| Untracked 
| 106|0x0000000086a00000, 0x0000000086a00000, 0x0000000086b00000|  0%| F|  |TAMS 0x0000000086a00000, 0x0000000086a00000| Untracked 
| 107|0x0000000086b00000, 0x0000000086b00000, 0x0000000086c00000|  0%| F|  |TAMS 0x0000000086b00000, 0x0000000086b00000| Untracked 
| 108|0x0000000086c00000, 0x0000000086c00000, 0x0000000086d00000|  0%| F|  |TAMS 0x0000000086c00000, 0x0000000086c00000| Untracked 
| 109|0x0000000086d00000, 0x0000000086d00000, 0x0000000086e00000|  0%| F|  |TAMS 0x0000000086d00000, 0x0000000086d00000| Untracked 
| 110|0x0000000086e00000, 0x0000000086e00000, 0x0000000086f00000|  0%| F|  |TAMS 0x0000000086e00000, 0x0000000086e00000| Untracked 
| 111|0x0000000086f00000, 0x0000000086f00000, 0x0000000087000000|  0%| F|  |TAMS 0x0000000086f00000, 0x0000000086f00000| Untracked 
| 112|0x0000000087000000, 0x0000000087000000, 0x0000000087100000|  0%| F|  |TAMS 0x0000000087000000, 0x0000000087000000| Untracked 
| 113|0x0000000087100000, 0x0000000087100000, 0x0000000087200000|  0%| F|  |TAMS 0x0000000087100000, 0x0000000087100000| Untracked 
| 114|0x0000000087200000, 0x0000000087200000, 0x0000000087300000|  0%| F|  |TAMS 0x0000000087200000, 0x0000000087200000| Untracked 
| 115|0x0000000087300000, 0x0000000087300000, 0x0000000087400000|  0%| F|  |TAMS 0x0000000087300000, 0x0000000087300000| Untracked 
| 116|0x0000000087400000, 0x0000000087400000, 0x0000000087500000|  0%| F|  |TAMS 0x0000000087400000, 0x0000000087400000| Untracked 
| 117|0x0000000087500000, 0x0000000087500000, 0x0000000087600000|  0%| F|  |TAMS 0x0000000087500000, 0x0000000087500000| Untracked 
| 118|0x0000000087600000, 0x0000000087600000, 0x0000000087700000|  0%| F|  |TAMS 0x0000000087600000, 0x0000000087600000| Untracked 
| 119|0x0000000087700000, 0x0000000087700000, 0x0000000087800000|  0%| F|  |TAMS 0x0000000087700000, 0x0000000087700000| Untracked 
| 120|0x0000000087800000, 0x0000000087800000, 0x0000000087900000|  0%| F|  |TAMS 0x0000000087800000, 0x0000000087800000| Untracked 
| 121|0x0000000087900000, 0x0000000087900000, 0x0000000087a00000|  0%| F|  |TAMS 0x0000000087900000, 0x0000000087900000| Untracked 
| 122|0x0000000087a00000, 0x0000000087a00000, 0x0000000087b00000|  0%| F|  |TAMS 0x0000000087a00000, 0x0000000087a00000| Untracked 
| 123|0x0000000087b00000, 0x0000000087b00000, 0x0000000087c00000|  0%| F|  |TAMS 0x0000000087b00000, 0x0000000087b00000| Untracked 
| 124|0x0000000087c00000, 0x0000000087c00000, 0x0000000087d00000|  0%| F|  |TAMS 0x0000000087c00000, 0x0000000087c00000| Untracked 
| 125|0x0000000087d00000, 0x0000000087d00000, 0x0000000087e00000|  0%| F|  |TAMS 0x0000000087d00000, 0x0000000087d00000| Untracked 
| 126|0x0000000087e00000, 0x0000000087e00000, 0x0000000087f00000|  0%| F|  |TAMS 0x0000000087e00000, 0x0000000087e00000| Untracked 
| 127|0x0000000087f00000, 0x0000000087f00000, 0x0000000088000000|  0%| F|  |TAMS 0x0000000087f00000, 0x0000000087f00000| Untracked 
| 128|0x0000000088000000, 0x0000000088000000, 0x0000000088100000|  0%| F|  |TAMS 0x0000000088000000, 0x0000000088000000| Untracked 
| 129|0x0000000088100000, 0x0000000088100000, 0x0000000088200000|  0%| F|  |TAMS 0x0000000088100000, 0x0000000088100000| Untracked 
| 130|0x0000000088200000, 0x0000000088200000, 0x0000000088300000|  0%| F|  |TAMS 0x0000000088200000, 0x0000000088200000| Untracked 
| 131|0x0000000088300000, 0x0000000088300000, 0x0000000088400000|  0%| F|  |TAMS 0x0000000088300000, 0x0000000088300000| Untracked 
| 132|0x0000000088400000, 0x0000000088400000, 0x0000000088500000|  0%| F|  |TAMS 0x0000000088400000, 0x0000000088400000| Untracked 
| 133|0x0000000088500000, 0x0000000088500000, 0x0000000088600000|  0%| F|  |TAMS 0x0000000088500000, 0x0000000088500000| Untracked 
| 134|0x0000000088600000, 0x0000000088600000, 0x0000000088700000|  0%| F|  |TAMS 0x0000000088600000, 0x0000000088600000| Untracked 
| 135|0x0000000088700000, 0x0000000088700000, 0x0000000088800000|  0%| F|  |TAMS 0x0000000088700000, 0x0000000088700000| Untracked 
| 136|0x0000000088800000, 0x0000000088800000, 0x0000000088900000|  0%| F|  |TAMS 0x0000000088800000, 0x0000000088800000| Untracked 
| 137|0x0000000088900000, 0x0000000088900000, 0x0000000088a00000|  0%| F|  |TAMS 0x0000000088900000, 0x0000000088900000| Untracked 
| 138|0x0000000088a00000, 0x0000000088a00000, 0x0000000088b00000|  0%| F|  |TAMS 0x0000000088a00000, 0x0000000088a00000| Untracked 
| 139|0x0000000088b00000, 0x0000000088b00000, 0x0000000088c00000|  0%| F|  |TAMS 0x0000000088b00000, 0x0000000088b00000| Untracked 
| 140|0x0000000088c00000, 0x0000000088c00000, 0x0000000088d00000|  0%| F|  |TAMS 0x0000000088c00000, 0x0000000088c00000| Untracked 
| 141|0x0000000088d00000, 0x0000000088d00000, 0x0000000088e00000|  0%| F|  |TAMS 0x0000000088d00000, 0x0000000088d00000| Untracked 
| 142|0x0000000088e00000, 0x0000000088e00000, 0x0000000088f00000|  0%| F|  |TAMS 0x0000000088e00000, 0x0000000088e00000| Untracked 
| 143|0x0000000088f00000, 0x0000000088f00000, 0x0000000089000000|  0%| F|  |TAMS 0x0000000088f00000, 0x0000000088f00000| Untracked 
| 144|0x0000000089000000, 0x0000000089000000, 0x0000000089100000|  0%| F|  |TAMS 0x0000000089000000, 0x0000000089000000| Untracked 
| 145|0x0000000089100000, 0x0000000089100000, 0x0000000089200000|  0%| F|  |TAMS 0x0000000089100000, 0x0000000089100000| Untracked 
| 146|0x0000000089200000, 0x0000000089200000, 0x0000000089300000|  0%| F|  |TAMS 0x0000000089200000, 0x0000000089200000| Untracked 
| 147|0x0000000089300000, 0x0000000089300000, 0x0000000089400000|  0%| F|  |TAMS 0x0000000089300000, 0x0000000089300000| Untracked 
| 148|0x0000000089400000, 0x0000000089400000, 0x0000000089500000|  0%| F|  |TAMS 0x0000000089400000, 0x0000000089400000| Untracked 
| 149|0x0000000089500000, 0x0000000089500000, 0x0000000089600000|  0%| F|  |TAMS 0x0000000089500000, 0x0000000089500000| Untracked 
| 150|0x0000000089600000, 0x0000000089600000, 0x0000000089700000|  0%| F|  |TAMS 0x0000000089600000, 0x0000000089600000| Untracked 
| 151|0x0000000089700000, 0x0000000089700000, 0x0000000089800000|  0%| F|  |TAMS 0x0000000089700000, 0x0000000089700000| Untracked 
| 152|0x0000000089800000, 0x0000000089800000, 0x0000000089900000|  0%| F|  |TAMS 0x0000000089800000, 0x0000000089800000| Untracked 
| 153|0x0000000089900000, 0x0000000089900000, 0x0000000089a00000|  0%| F|  |TAMS 0x0000000089900000, 0x0000000089900000| Untracked 
| 154|0x0000000089a00000, 0x0000000089a00000, 0x0000000089b00000|  0%| F|  |TAMS 0x0000000089a00000, 0x0000000089a00000| Untracked 
| 155|0x0000000089b00000, 0x0000000089b00000, 0x0000000089c00000|  0%| F|  |TAMS 0x0000000089b00000, 0x0000000089b00000| Untracked 
| 156|0x0000000089c00000, 0x0000000089c00000, 0x0000000089d00000|  0%| F|  |TAMS 0x0000000089c00000, 0x0000000089c00000| Untracked 
| 157|0x0000000089d00000, 0x0000000089d00000, 0x0000000089e00000|  0%| F|  |TAMS 0x0000000089d00000, 0x0000000089d00000| Untracked 
| 158|0x0000000089e00000, 0x0000000089e00000, 0x0000000089f00000|  0%| F|  |TAMS 0x0000000089e00000, 0x0000000089e00000| Untracked 
| 159|0x0000000089f00000, 0x0000000089f00000, 0x000000008a000000|  0%| F|  |TAMS 0x0000000089f00000, 0x0000000089f00000| Untracked 
| 160|0x000000008a000000, 0x000000008a000000, 0x000000008a100000|  0%| F|  |TAMS 0x000000008a000000, 0x000000008a000000| Untracked 
| 161|0x000000008a100000, 0x000000008a1fcfe0, 0x000000008a200000| 98%| S|CS|TAMS 0x000000008a100000, 0x000000008a100000| Complete 
| 162|0x000000008a200000, 0x000000008a200000, 0x000000008a300000|  0%| F|  |TAMS 0x000000008a200000, 0x000000008a200000| Untracked 
| 163|0x000000008a300000, 0x000000008a300000, 0x000000008a400000|  0%| F|  |TAMS 0x000000008a300000, 0x000000008a300000| Untracked 
| 164|0x000000008a400000, 0x000000008a400000, 0x000000008a500000|  0%| F|  |TAMS 0x000000008a400000, 0x000000008a400000| Untracked 
| 165|0x000000008a500000, 0x000000008a500000, 0x000000008a600000|  0%| F|  |TAMS 0x000000008a500000, 0x000000008a500000| Untracked 
| 166|0x000000008a600000, 0x000000008a600000, 0x000000008a700000|  0%| F|  |TAMS 0x000000008a600000, 0x000000008a600000| Untracked 
| 167|0x000000008a700000, 0x000000008a73c038, 0x000000008a800000| 23%| E|  |TAMS 0x000000008a700000, 0x000000008a700000| Complete 
| 168|0x000000008a800000, 0x000000008a900000, 0x000000008a900000|100%| E|CS|TAMS 0x000000008a800000, 0x000000008a800000| Complete 
| 169|0x000000008a900000, 0x000000008aa00000, 0x000000008aa00000|100%| E|CS|TAMS 0x000000008a900000, 0x000000008a900000| Complete 
| 170|0x000000008aa00000, 0x000000008ab00000, 0x000000008ab00000|100%| E|CS|TAMS 0x000000008aa00000, 0x000000008aa00000| Complete 
| 171|0x000000008ab00000, 0x000000008ac00000, 0x000000008ac00000|100%| E|CS|TAMS 0x000000008ab00000, 0x000000008ab00000| Complete 

Card table byte_map: [0x000001eba68b0000,0x000001eba6cb0000] _byte_map_base: 0x000001eba64b0000

Marking Bits (Prev, Next): (CMBitMap*) 0x000001eb8e000d40, (CMBitMap*) 0x000001eb8e000d08
 Prev Bits: [0x000001eba90b0000, 0x000001ebab0b0000)
 Next Bits: [0x000001eba70b0000, 0x000001eba90b0000)

Polling page: 0x000001eb8e0a0000

Metaspace:

Usage:
  Non-class:     88.28 MB capacity,    86.72 MB ( 98%) used,     1.28 MB (  1%) free+waste,   291.88 KB ( <1%) overhead. 
      Class:     14.19 MB capacity,    13.13 MB ( 93%) used,   947.60 KB (  7%) free+waste,   136.25 KB ( <1%) overhead. 
       Both:    102.46 MB capacity,    99.85 MB ( 97%) used,     2.20 MB (  2%) free+waste,   428.12 KB ( <1%) overhead. 

Virtual space:
  Non-class space:       90.00 MB reserved,      88.50 MB ( 98%) committed 
      Class space:      504.00 MB reserved,      14.25 MB (  3%) committed 
             Both:      594.00 MB reserved,     102.75 MB ( 17%) committed 

Chunk freelists:
   Non-Class:  4.25 KB
       Class:  640 bytes
        Both:  4.88 KB

CodeHeap 'non-profiled nmethods': size=120064Kb used=7630Kb max_used=7630Kb free=112433Kb
 bounds [0x000001eb9e950000, 0x000001eb9f0d0000, 0x000001eba5e90000]
CodeHeap 'profiled nmethods': size=120000Kb used=28351Kb max_used=28351Kb free=91648Kb
 bounds [0x000001eb97420000, 0x000001eb98fd0000, 0x000001eb9e950000]
CodeHeap 'non-nmethods': size=5696Kb used=2311Kb max_used=2365Kb free=3384Kb
 bounds [0x000001eb96e90000, 0x000001eb97100000, 0x000001eb97420000]
 total_blobs=13639 nmethods=12712 adapters=838
 compilation: enabled
              stopped_count=0, restarted_count=0
 full_count=0

Compilation events (10 events):
Event: 117.575 Thread 0x000001ebadef0800 nmethod 12830 0x000001eb9f0c2790 code [0x000001eb9f0c2920, 0x000001eb9f0c29b8]
Event: 117.575 Thread 0x000001ebadef0800 12832       4       java.util.stream.ReduceOps$5ReducingSink::accept (19 bytes)
Event: 117.576 Thread 0x000001ebadef0800 nmethod 12832 0x000001eb9f0c2a90 code [0x000001eb9f0c2c20, 0x000001eb9f0c2cd8]
Event: 117.576 Thread 0x000001ebadef0800 12833       4       com.esotericsoftware.kryo.io.Input::readVarLong (329 bytes)
Event: 117.585 Thread 0x000001ebadef0800 nmethod 12833 0x000001eb9f0c2d90 code [0x000001eb9f0c2f40, 0x000001eb9f0c34e8]
Event: 117.585 Thread 0x000001ebadef0800 12836   !   4       com.google.common.cache.LocalCache$Segment::storeLoadedValue (371 bytes)
Event: 117.586 Thread 0x000001ebadef2000 12837   !   3       com.google.common.cache.LocalCache$Segment::get (210 bytes)
Event: 117.589 Thread 0x000001ebadef2000 nmethod 12837 0x000001eb98fc8290 code [0x000001eb98fc8780, 0x000001eb98fcb208]
Event: 117.602 Thread 0x000001ebadef2000 12839   !   3       java.util.concurrent.FutureTask::run (123 bytes)
Event: 117.609 Thread 0x000001ebadef2000 nmethod 12839 0x000001eb98fcc590 code [0x000001eb98fccaa0, 0x000001eb98fcf168]

GC Heap History (10 events):
Event: 103.209 GC heap before
{Heap before GC invocations=90 (full 0):
 garbage-first heap   total 146432K, used 119867K [0x0000000080000000, 0x0000000100000000)
  region size 1024K, 35 young (35840K), 5 survivors (5120K)
 Metaspace       used 99337K, capacity 101876K, committed 102144K, reserved 604160K
  class space    used 13200K, capacity 14240K, committed 14336K, reserved 516096K
}
Event: 103.267 GC heap after
{Heap after GC invocations=91 (full 0):
 garbage-first heap   total 146432K, used 92098K [0x0000000080000000, 0x0000000100000000)
  region size 1024K, 5 young (5120K), 5 survivors (5120K)
 Metaspace       used 99337K, capacity 101876K, committed 102144K, reserved 604160K
  class space    used 13200K, capacity 14240K, committed 14336K, reserved 516096K
}
Event: 107.927 GC heap before
{Heap before GC invocations=92 (full 0):
 garbage-first heap   total 146432K, used 120770K [0x0000000080000000, 0x0000000100000000)
  region size 1024K, 34 young (34816K), 5 survivors (5120K)
 Metaspace       used 101498K, capacity 104119K, committed 104320K, reserved 606208K
  class space    used 13371K, capacity 14463K, committed 14464K, reserved 516096K
}
Event: 107.982 GC heap after
{Heap after GC invocations=93 (full 0):
 garbage-first heap   total 176128K, used 96729K [0x0000000080000000, 0x0000000100000000)
  region size 1024K, 5 young (5120K), 5 survivors (5120K)
 Metaspace       used 101498K, capacity 104119K, committed 104320K, reserved 606208K
  class space    used 13371K, capacity 14463K, committed 14464K, reserved 516096K
}
Event: 111.873 GC heap before
{Heap before GC invocations=93 (full 0):
 garbage-first heap   total 176128K, used 132569K [0x0000000080000000, 0x0000000100000000)
  region size 1024K, 41 young (41984K), 5 survivors (5120K)
 Metaspace       used 102187K, capacity 104863K, committed 104960K, reserved 608256K
  class space    used 13443K, capacity 14531K, committed 14592K, reserved 516096K
}
Event: 111.933 GC heap after
{Heap after GC invocations=94 (full 0):
 garbage-first heap   total 176128K, used 99522K [0x0000000080000000, 0x0000000100000000)
  region size 1024K, 3 young (3072K), 3 survivors (3072K)
 Metaspace       used 102187K, capacity 104863K, committed 104960K, reserved 608256K
  class space    used 13443K, capacity 14531K, committed 14592K, reserved 516096K
}
Event: 115.989 GC heap before
{Heap before GC invocations=95 (full 0):
 garbage-first heap   total 176128K, used 140482K [0x0000000080000000, 0x0000000100000000)
  region size 1024K, 44 young (45056K), 3 survivors (3072K)
 Metaspace       used 102208K, capacity 104867K, committed 104960K, reserved 608256K
  class space    used 13444K, capacity 14531K, committed 14592K, reserved 516096K
}
Event: 116.068 GC heap after
{Heap after GC invocations=96 (full 0):
 garbage-first heap   total 176128K, used 102619K [0x0000000080000000, 0x0000000100000000)
  region size 1024K, 6 young (6144K), 6 survivors (6144K)
 Metaspace       used 102208K, capacity 104867K, committed 104960K, reserved 608256K
  class space    used 13444K, capacity 14531K, committed 14592K, reserved 516096K
}
Event: 117.197 GC heap before
{Heap before GC invocations=96 (full 0):
 garbage-first heap   total 176128K, used 111835K [0x0000000080000000, 0x0000000100000000)
  region size 1024K, 16 young (16384K), 6 survivors (6144K)
 Metaspace       used 102209K, capacity 104867K, committed 104960K, reserved 608256K
  class space    used 13444K, capacity 14531K, committed 14592K, reserved 516096K
}
Event: 117.247 GC heap after
{Heap after GC invocations=97 (full 0):
 garbage-first heap   total 176128K, used 103367K [0x0000000080000000, 0x0000000100000000)
  region size 1024K, 1 young (1024K), 1 survivors (1024K)
 Metaspace       used 102209K, capacity 104867K, committed 104960K, reserved 608256K
  class space    used 13444K, capacity 14531K, committed 14592K, reserved 516096K
}

Deoptimization events (10 events):
Event: 110.460 Thread 0x000001ebb00a9000 Uncommon trap: reason=bimorphic_or_optimized_type_check action=maybe_recompile pc=0x000001eb9eccba2c method=java.util.stream.MatchOps$MatchOp.evaluateSequential(Ljava/util/stream/PipelineHelper;Ljava/util/Spliterator;)Ljava/lang/Boolean; @ 14 c2
Event: 110.463 Thread 0x000001ebb00a9000 Uncommon trap: reason=bimorphic_or_optimized_type_check action=maybe_recompile pc=0x000001eb9eccba2c method=java.util.stream.MatchOps$MatchOp.evaluateSequential(Ljava/util/stream/PipelineHelper;Ljava/util/Spliterator;)Ljava/lang/Boolean; @ 14 c2
Event: 110.463 Thread 0x000001ebb00a9000 Uncommon trap: reason=bimorphic_or_optimized_type_check action=maybe_recompile pc=0x000001eb9eccba2c method=java.util.stream.MatchOps$MatchOp.evaluateSequential(Ljava/util/stream/PipelineHelper;Ljava/util/Spliterator;)Ljava/lang/Boolean; @ 14 c2
Event: 110.488 Thread 0x000001ebb00a9000 Uncommon trap: reason=bimorphic_or_optimized_type_check action=maybe_recompile pc=0x000001eb9eccba2c method=java.util.stream.MatchOps$MatchOp.evaluateSequential(Ljava/util/stream/PipelineHelper;Ljava/util/Spliterator;)Ljava/lang/Boolean; @ 14 c2
Event: 111.748 Thread 0x000001ebaeb3b800 Uncommon trap: reason=unstable_if action=reinterpret pc=0x000001eb9f019ba8 method=java.util.concurrent.ConcurrentHashMap.addCount(JI)V @ 171 c2
Event: 117.137 Thread 0x000001ebb00a2800 Uncommon trap: reason=predicate action=maybe_recompile pc=0x000001eb9f08dc90 method=java.util.TimSort.reverseRange([Ljava/lang/Object;II)V @ 5 c2
Event: 117.473 Thread 0x000001ebaff70000 Uncommon trap: reason=unstable_if action=reinterpret pc=0x000001eb9f0aff24 method=java.util.concurrent.FutureTask.run()V @ 63 c2
Event: 117.474 Thread 0x000001ebb00a2800 Uncommon trap: reason=unstable_if action=reinterpret pc=0x000001eb9f0ad158 method=java.util.concurrent.FutureTask.report(I)Ljava/lang/Object; @ 7 c2
Event: 117.500 Thread 0x000001ebb00a2800 Uncommon trap: reason=unstable_if action=reinterpret pc=0x000001eb9f0aaf24 method=com.google.common.util.concurrent.AbstractFuture.getDoneValue(Ljava/lang/Object;)Ljava/lang/Object; @ 24 c2
Event: 117.500 Thread 0x000001ebb00a2800 Uncommon trap: reason=unloaded action=reinterpret pc=0x000001eb9f08bbf0 method=com.google.common.cache.LocalCache$Segment.get(Ljava/lang/Object;ILcom/google/common/cache/CacheLoader;)Ljava/lang/Object; @ 167 c2

Classes redefined (0 events):
No events

Internal exceptions (10 events):
Event: 106.912 Thread 0x000001ebaff79800 Exception <a 'java/lang/NoSuchMethodError'{0x000000008750fe18}: java.lang.invoke.DirectMethodHandle$Holder.invokeVirtual(Ljava/lang/Object;Ljava/lang/Object;)V> (0x000000008750fe18) thrown at [./open/src/hotspot/share/interpreter/linkResolver.cpp, line 77
Event: 108.452 Thread 0x000001ebb0593000 Implicit null exception at 0x000001eb9f032159 to 0x000001eb9f0328c0
Event: 109.848 Thread 0x000001ebb00a9000 Exception <a 'java/lang/ClassNotFoundException'{0x00000000897d76a8}: groovy/util/FileTreeBuilderBeanInfo> (0x00000000897d76a8) thrown at [./open/src/hotspot/share/classfile/systemDictionary.cpp, line 226]
Event: 109.854 Thread 0x000001ebb00a9000 Exception <a 'java/lang/ClassNotFoundException'{0x0000000089650718}: groovy/util/FileTreeBuilderCustomizer> (0x0000000089650718) thrown at [./open/src/hotspot/share/classfile/systemDictionary.cpp, line 226]
Event: 109.971 Thread 0x000001ebb00a9000 Exception <a 'java/lang/ClassNotFoundException'{0x00000000896a3a20}: java/io/BufferedWriterBeanInfo> (0x00000000896a3a20) thrown at [./open/src/hotspot/share/classfile/systemDictionary.cpp, line 226]
Event: 109.973 Thread 0x000001ebb00a9000 Exception <a 'java/lang/ClassNotFoundException'{0x00000000896a9428}: java/io/WriterBeanInfo> (0x00000000896a9428) thrown at [./open/src/hotspot/share/classfile/systemDictionary.cpp, line 226]
Event: 109.974 Thread 0x000001ebb00a9000 Exception <a 'java/lang/ClassNotFoundException'{0x00000000896aef30}: java/io/WriterCustomizer> (0x00000000896aef30) thrown at [./open/src/hotspot/share/classfile/systemDictionary.cpp, line 226]
Event: 109.977 Thread 0x000001ebb00a9000 Exception <a 'java/lang/ClassNotFoundException'{0x00000000896bcd68}: java/io/BufferedWriterCustomizer> (0x00000000896bcd68) thrown at [./open/src/hotspot/share/classfile/systemDictionary.cpp, line 226]
Event: 110.616 Thread 0x000001ebb00a9000 Exception <a 'java/lang/NoSuchMethodError'{0x0000000089491778}: static Lcom/android/build/api/variant/BuildConfigField;.<clinit>()V> (0x0000000089491778) thrown at [./open/src/hotspot/share/prims/jni.cpp, line 1366]
Event: 117.473 Thread 0x000001ebaff70000 Exception <a 'java/lang/OutOfMemoryError'{0x000000008abaf7b0}> (0x000000008abaf7b0) thrown at [./open/src/hotspot/share/prims/jni.cpp, line 632]

Events (10 events):
Event: 117.476 loading class com/google/common/util/concurrent/AbstractFuture$Failure$1
Event: 117.476 loading class com/google/common/util/concurrent/AbstractFuture$Failure$1 done
Event: 117.500 Thread 0x000001ebb00a2800 Uncommon trap: trap_request=0xffffff4d fr.pc=0x000001eb9f0aaf24 relative=0x00000000000000e4
Event: 117.500 Thread 0x000001ebb00a2800 DEOPT PACKING pc=0x000001eb9f0aaf24 sp=0x0000006c7cffd2c0
Event: 117.500 Thread 0x000001ebb00a2800 DEOPT UNPACKING pc=0x000001eb96eb662f sp=0x0000006c7cffd108 mode 2
Event: 117.500 Thread 0x000001ebb00a2800 Uncommon trap: trap_request=0x00000045 fr.pc=0x000001eb9f08bbf0 relative=0x0000000000000e70
Event: 117.500 Thread 0x000001ebb00a2800 DEOPT PACKING pc=0x000001eb9f08bbf0 sp=0x0000006c7cffd6a0
Event: 117.501 Thread 0x000001ebb00a2800 DEOPT UNPACKING pc=0x000001eb96eb662f sp=0x0000006c7cffd650 mode 2
Event: 117.627 Executing VM operation: CGC_Operation
Event: 118.566 Executing VM operation: CGC_Operation done


Dynamic libraries:
0x00007ff758080000 - 0x00007ff758090000 	C:\Program Files\Java\jdk-11\bin\java.exe
0x00007ff860790000 - 0x00007ff860988000 	C:\Windows\SYSTEM32\ntdll.dll
0x00007ff85f5b0000 - 0x00007ff85f66f000 	C:\Windows\System32\KERNEL32.DLL
0x00007ff85e250000 - 0x00007ff85e522000 	C:\Windows\System32\KERNELBASE.dll
0x00007ff85e010000 - 0x00007ff85e110000 	C:\Windows\System32\ucrtbase.dll
0x00007ff855f60000 - 0x00007ff855f78000 	C:\Program Files\Java\jdk-11\bin\jli.dll
0x00007ff85f6d0000 - 0x00007ff85f77e000 	C:\Windows\System32\ADVAPI32.dll
0x00007ff85ed30000 - 0x00007ff85edce000 	C:\Windows\System32\msvcrt.dll
0x00007ff85e7e0000 - 0x00007ff85e87c000 	C:\Windows\System32\sechost.dll
0x00007ff85fa30000 - 0x00007ff85fb54000 	C:\Windows\System32\RPCRT4.dll
0x00007ff85eef0000 - 0x00007ff85f091000 	C:\Windows\System32\USER32.dll
0x00007ff85e220000 - 0x00007ff85e242000 	C:\Windows\System32\win32u.dll
0x00007ff84ef20000 - 0x00007ff84ef3b000 	C:\Program Files\Java\jdk-11\bin\VCRUNTIME140.dll
0x00007ff860640000 - 0x00007ff86066b000 	C:\Windows\System32\GDI32.dll
0x00007ff85e110000 - 0x00007ff85e21f000 	C:\Windows\System32\gdi32full.dll
0x00007ff85df40000 - 0x00007ff85dfdd000 	C:\Windows\System32\msvcp_win.dll
0x00007ff84d880000 - 0x00007ff84db1a000 	C:\Windows\WinSxS\amd64_microsoft.windows.common-controls_6595b64144ccf1df_6.0.19041.1110_none_60b5254171f9507e\COMCTL32.dll
0x00007ff852d10000 - 0x00007ff852d1a000 	C:\Windows\SYSTEM32\VERSION.dll
0x00007ff860670000 - 0x00007ff8606a0000 	C:\Windows\System32\IMM32.DLL
0x00007ff859c90000 - 0x00007ff859c9c000 	C:\Program Files\Java\jdk-11\bin\vcruntime140_1.dll
0x00007ff838600000 - 0x00007ff83868e000 	C:\Program Files\Java\jdk-11\bin\msvcp140.dll
0x00007ffffe7e0000 - 0x00007fffff348000 	C:\Program Files\Java\jdk-11\bin\server\jvm.dll
0x00007ff85ed20000 - 0x00007ff85ed28000 	C:\Windows\System32\PSAPI.DLL
0x00007ff852dd0000 - 0x00007ff852df7000 	C:\Windows\SYSTEM32\WINMM.dll
0x00007ff851b30000 - 0x00007ff851b39000 	C:\Windows\SYSTEM32\WSOCK32.dll
0x00007ff85edd0000 - 0x00007ff85ee3b000 	C:\Windows\System32\WS2_32.dll
0x00007ff85bd10000 - 0x00007ff85bd22000 	C:\Windows\SYSTEM32\kernel.appcore.dll
0x00007ff855ab0000 - 0x00007ff855ac0000 	C:\Program Files\Java\jdk-11\bin\verify.dll
0x00007ff853f50000 - 0x00007ff854134000 	C:\Windows\SYSTEM32\DBGHELP.DLL
0x00007ff84a8a0000 - 0x00007ff84a8d5000 	C:\Windows\SYSTEM32\dbgcore.DLL
0x00007ff85e5a0000 - 0x00007ff85e622000 	C:\Windows\System32\bcryptPrimitives.dll
0x00007ff840190000 - 0x00007ff8401b8000 	C:\Program Files\Java\jdk-11\bin\java.dll
0x00007ff84ef10000 - 0x00007ff84ef1a000 	C:\Program Files\Java\jdk-11\bin\jimage.dll
0x00007ff84d070000 - 0x00007ff84d087000 	C:\Program Files\Java\jdk-11\bin\zip.dll
0x00007ff85fef0000 - 0x00007ff860635000 	C:\Windows\System32\SHELL32.dll
0x00007ff85bf10000 - 0x00007ff85c6a2000 	C:\Windows\SYSTEM32\windows.storage.dll
0x00007ff85f0a0000 - 0x00007ff85f3f5000 	C:\Windows\System32\combase.dll
0x00007ff85d730000 - 0x00007ff85d760000 	C:\Windows\SYSTEM32\Wldp.dll
0x00007ff8606a0000 - 0x00007ff86074d000 	C:\Windows\System32\SHCORE.dll
0x00007ff85fdd0000 - 0x00007ff85fe25000 	C:\Windows\System32\shlwapi.dll
0x00007ff85ddd0000 - 0x00007ff85ddef000 	C:\Windows\SYSTEM32\profapi.dll
0x00007ff83e070000 - 0x00007ff83e089000 	C:\Program Files\Java\jdk-11\bin\net.dll
0x00007ff855310000 - 0x00007ff85541a000 	C:\Windows\SYSTEM32\WINHTTP.dll
0x00007ff85d510000 - 0x00007ff85d57a000 	C:\Windows\system32\mswsock.dll
0x00007ff83a080000 - 0x00007ff83a092000 	C:\Program Files\Java\jdk-11\bin\nio.dll
0x00007ff83a050000 - 0x00007ff83a077000 	C:\Users\User\.gradle\native\e1d6ef7f7dcc3fd88c89a11ec53ec762bb8ba0a96d01ffa2cd45eb1d1d8dd5c5\windows-amd64\native-platform.dll
0x00007ff82f560000 - 0x00007ff82f6a4000 	C:\Users\User\.gradle\native\0d407fdbe67a94daf76414ababcb853783967236a71b16ec16e742cd7a986fd3\windows-amd64\native-platform-file-events.dll
0x00007ff84ef00000 - 0x00007ff84ef09000 	C:\Program Files\Java\jdk-11\bin\management.dll
0x00007ff849430000 - 0x00007ff84943b000 	C:\Program Files\Java\jdk-11\bin\management_ext.dll
0x00007ff85d770000 - 0x00007ff85d788000 	C:\Windows\SYSTEM32\CRYPTSP.dll
0x00007ff85ce50000 - 0x00007ff85ce84000 	C:\Windows\system32\rsaenh.dll
0x00007ff85dfe0000 - 0x00007ff85e007000 	C:\Windows\System32\bcrypt.dll
0x00007ff85dd90000 - 0x00007ff85ddbe000 	C:\Windows\SYSTEM32\USERENV.dll
0x00007ff85d6a0000 - 0x00007ff85d6ac000 	C:\Windows\SYSTEM32\CRYPTBASE.dll
0x00007ff85d220000 - 0x00007ff85d25b000 	C:\Windows\SYSTEM32\IPHLPAPI.DLL
0x00007ff85ed10000 - 0x00007ff85ed18000 	C:\Windows\System32\NSI.dll
0x00007ff852ca0000 - 0x00007ff852cb7000 	C:\Windows\SYSTEM32\dhcpcsvc6.DLL
0x00007ff852fb0000 - 0x00007ff852fcd000 	C:\Windows\SYSTEM32\dhcpcsvc.DLL
0x00007ff85d260000 - 0x00007ff85d32b000 	C:\Windows\SYSTEM32\DNSAPI.dll

dbghelp: loaded successfully - version: 4.0.5 - missing functions: none
symbol engine: initialized successfully - sym options: 0x614 - pdb path: .;C:\Program Files\Java\jdk-11\bin;C:\Windows\SYSTEM32;C:\Windows\WinSxS\amd64_microsoft.windows.common-controls_6595b64144ccf1df_6.0.19041.1110_none_60b5254171f9507e;C:\Program Files\Java\jdk-11\bin\server;C:\Users\User\.gradle\native\e1d6ef7f7dcc3fd88c89a11ec53ec762bb8ba0a96d01ffa2cd45eb1d1d8dd5c5\windows-amd64;C:\Users\User\.gradle\native\0d407fdbe67a94daf76414ababcb853783967236a71b16ec16e742cd7a986fd3\windows-amd64

VM Arguments:
jvm_args: -XX:MaxMetaspaceSize=512m --add-opens=java.base/java.util=ALL-UNNAMED --add-opens=java.base/java.lang=ALL-UNNAMED --add-opens=java.base/java.lang.invoke=ALL-UNNAMED --add-opens=java.base/java.util=ALL-UNNAMED --add-opens=java.prefs/java.util.prefs=ALL-UNNAMED --add-opens=java.prefs/java.util.prefs=ALL-UNNAMED --add-opens=java.base/java.nio.charset=ALL-UNNAMED --add-opens=java.base/java.net=ALL-UNNAMED --add-opens=java.base/java.util.concurrent.atomic=ALL-UNNAMED -Xmx2048m -Dfile.encoding=windows-1252 -Duser.country=US -Duser.language=en -Duser.variant 
java_command: org.gradle.launcher.daemon.bootstrap.GradleDaemon 7.5.1
java_class_path (initial): C:\Users\User\.gradle\wrapper\dists\gradle-7.5.1-all\1ehga6e77gqps5uk2kc5kf1vc\gradle-7.5.1\lib\gradle-launcher-7.5.1.jar
Launcher Type: SUN_STANDARD

[Global flags]
     intx CICompilerCount                          = 3                                         {product} {ergonomic}
   size_t CompressedClassSpaceSize                 = 528482304                                 {product} {ergonomic}
     uint ConcGCThreads                            = 1                                         {product} {ergonomic}
     uint G1ConcRefinementThreads                  = 4                                         {product} {ergonomic}
   size_t G1HeapRegionSize                         = 1048576                                   {product} {ergonomic}
    uintx GCDrainStackTargetSize                   = 64                                        {product} {ergonomic}
   size_t InitialHeapSize                          = 58720256                                  {product} {ergonomic}
   size_t MarkStackSize                            = 4194304                                   {product} {ergonomic}
   size_t MaxHeapSize                              = 2147483648                                {product} {command line}
   size_t MaxMetaspaceSize                         = 536870912                                 {product} {command line}
   size_t MaxNewSize                               = 1287651328                                {product} {ergonomic}
   size_t MinHeapDeltaBytes                        = 1048576                                   {product} {ergonomic}
    uintx NonNMethodCodeHeapSize                   = 5830732                                {pd product} {ergonomic}
    uintx NonProfiledCodeHeapSize                  = 122913754                              {pd product} {ergonomic}
    uintx ProfiledCodeHeapSize                     = 122913754                              {pd product} {ergonomic}
    uintx ReservedCodeCacheSize                    = 251658240                              {pd product} {ergonomic}
     bool SegmentedCodeCache                       = true                                      {product} {ergonomic}
     bool UseCompressedClassPointers               = true                                 {lp64_product} {ergonomic}
     bool UseCompressedOops                        = true                                 {lp64_product} {ergonomic}
     bool UseG1GC                                  = true                                      {product} {ergonomic}
     bool UseLargePagesIndividualAllocation        = false                                  {pd product} {ergonomic}

Logging:
Log output configuration:
 #0: stdout all=warning uptime,level,tags
 #1: stderr all=off uptime,level,tags

Environment Variables:
CLASSPATH=C:\Users\User\ProjectMobileDevelopment\android\\gradle\wrapper\gradle-wrapper.jar
PATH=C:\Users\User\ProjectMobileDevelopment\android\node_modules\.bin;C:\Users\User\ProjectMobileDevelopment\node_modules\.bin;C:\Users\User\node_modules\.bin;C:\Users\node_modules\.bin;C:\node_modules\.bin;C:\Program Files\nodejs;C:\Users\User\ProjectMobileDevelopment\node_modules\.bin;C:\Users\User\ProjectMobileDevelopment\node_modules\.bin;C:\Users\User\node_modules\.bin;C:\Users\node_modules\.bin;C:\node_modules\.bin;C:\Program Files\nodejs\node_modules\npm\node_modules\@npmcli\run-script\lib\node-gyp-bin;C:\Program Files\Common Files\Oracle\Java\javapath;C:\Windows\system32;C:\Windows;C:\Windows\System32\Wbem;C:\Windows\System32\WindowsPowerShell\v1.0\;C:\Windows\System32\OpenSSH\;C:\Program Files\Microsoft SQL Server\150\Tools\Binn\;C:\Program Files\Git\cmd;C:\Program Files\nodejs\;C:\Users\User\AppData\Local\Android\Sdk\platform-tools;C:\Users\User\AppData\Local\Microsoft\WindowsApps;C:\Users\User\AppData\Local\Programs\Microsoft VS Code\bin;C:\Users\User\AppData\Roaming\npm;C:\Users\User\AppData\Local\Android\Sdk\platform-tools;
USERNAME=User
OS=Windows_NT
PROCESSOR_IDENTIFIER=AMD64 Family 23 Model 24 Stepping 1, AuthenticAMD



---------------  S Y S T E M  ---------------

OS: Windows 10 , 64 bit Build 19041 (10.0.19041.2546)
Hyper-V role detected

CPU:total 4 (initial active 4) (4 cores per cpu, 2 threads per core) family 23 model 24 stepping 1 microcode 0x0, cmov, cx8, fxsr, mmx, sse, sse2, sse3, ssse3, sse4.1, sse4.2, popcnt, avx, avx2, aes, clmul, mmxext, 3dnowpref, lzcnt, sse4a, ht, tsc, tscinvbit, tscinv, bmi1, bmi2, adx, s

Memory: 4k page, system-wide physical 3460M (71M free)
TotalPageFile size 14212M (AvailPageFile size 3M)
current process WorkingSet (physical memory assigned to process): 211M, peak: 268M
current process commit charge ("private bytes"): 467M, peak: 468M

vm_info: Java HotSpot(TM) 64-Bit Server VM (11.0.18+9-LTS-195) for windows-amd64 JRE (11.0.18+9-LTS-195), built on Dec  6 2022 15:50:58 by "mach5one" with MS VC++ 17.1 (VS2022)

END.
